Build started 11/24/2019 4:37:35 PM.
     1>Project "C:\konica\tiff2\tiff_console\tiff_console\tiff_console.vcxproj" on node 2 (Rebuild target(s)).
     1>ClCompile:
         C:\Program Files (x86)\Microsoft Visual Studio 11.0\VC\bin\CL.exe /c /I"C:\konica\tiff\tifflib\tiff-4.0.10.tar\tiff-4.0.10\tiff-4.0.10\libtiff" /ZI /nologo /W3 /WX- /sdl /Od /Oy- /D WIN32 /D _DEBUG /D _CONSOLE /D _UNICODE /D UNICODE /Gm /EHsc /RTC1 /MDd /GS /fp:precise /Zc:wchar_t /Zc:forScope /Yc"stdafx.h" /Fp"Debug\tiff_console.pch" /Fo"Debug\\" /Fd"Debug\vc110.pdb" /Gd /TP /analyze- /errorReport:prompt stdafx.cpp
         stdafx.cpp
         C:\Program Files (x86)\Microsoft Visual Studio 11.0\VC\bin\CL.exe /c /I"C:\konica\tiff\tifflib\tiff-4.0.10.tar\tiff-4.0.10\tiff-4.0.10\libtiff" /ZI /nologo /W3 /WX- /sdl /Od /Oy- /D WIN32 /D _DEBUG /D _CONSOLE /D _UNICODE /D UNICODE /Gm /EHsc /RTC1 /MDd /GS /fp:precise /Zc:wchar_t /Zc:forScope /Yu"stdafx.h" /Fp"Debug\tiff_console.pch" /Fo"Debug\\" /Fd"Debug\vc110.pdb" /Gd /TP /analyze- /errorReport:prompt tiff_console.cpp
         tiff_console.cpp
       Link:
         C:\Program Files (x86)\Microsoft Visual Studio 11.0\VC\bin\link.exe /ERRORREPORT:PROMPT /OUT:"C:\konica\tiff2\tiff_console\Debug\tiff_console.exe" /INCREMENTAL /NOLOGO "C:\konica\tiff\tifflib\tiff-4.0.10.tar\tiff-4.0.10\tiff-4.0.10\libtiff\libtiff.lib" kernel32.lib user32.lib gdi32.lib winspool.lib comdlg32.lib advapi32.lib shell32.lib ole32.lib oleaut32.lib uuid.lib odbc32.lib odbccp32.lib /MANIFEST /MANIFESTUAC:"level='asInvoker' uiAccess='false'" /manifest:embed /DEBUG /PDB:"C:\konica\tiff2\tiff_console\Debug\tiff_console.pdb" /SUBSYSTEM:CONSOLE /TLBID:1 /DYNAMICBASE /NXCOMPAT /IMPLIB:"C:\konica\tiff2\tiff_console\Debug\tiff_console.lib" /MACHINE:X86 /NODEFAULTLIB:MSVCRT Debug\stdafx.obj
         Debug\tiff_console.obj
     1>libtiff.lib(tif_stream.obj) : error LNK2038: mismatch detected for '_ITERATOR_DEBUG_LEVEL': value '0' doesn't match value '2' in tiff_console.obj
     1>libtiff.lib(tif_stream.obj) : error LNK2038: mismatch detected for 'RuntimeLibrary': value 'MD_DynamicRelease' doesn't match value 'MDd_DynamicDebug' in tiff_console.obj
     1>C:\konica\tiff2\tiff_console\Debug\tiff_console.exe : fatal error LNK1319: 2 mismatches detected
     1>Done Building Project "C:\konica\tiff2\tiff_console\tiff_console\tiff_console.vcxproj" (Rebuild target(s)) -- FAILED.

Build FAILED.

Time Elapsed 00:00:02.53
